02:36:04.401 [main] ERROR o.s.b.d.LoggingFailureAnalysisReporter - [report,40] - 

***************************
APPLICATION FAILED TO START
***************************

Description:

Web server failed to start. Port 8080 was already in use.

Action:

Identify and stop the process that's listening on port 8080 or configure this application to listen on another port.

02:37:02.244 [http-nio-8080-exec-8] ERROR c.i.c.GlobalExceptionHandler - [handleRuntimeException,16] - 业务异常: Unable to convert value '2026-06-18' to java.time.LocalDateTime for property 'publishedAt'
03:06:18.900 [main] ERROR o.s.b.d.LoggingFailureAnalysisReporter - [report,40] - 

***************************
APPLICATION FAILED TO START
***************************

Description:

Web server failed to start. Port 8080 was already in use.

Action:

Identify and stop the process that's listening on port 8080 or configure this application to listen on another port.

14:00:46.664 [http-nio-8080-exec-1] ERROR c.i.c.GlobalExceptionHandler - [handleRuntimeException,16] - 业务异常: JSON parse error: Invalid UTF-8 start byte 0xb2
14:09:40.258 [main] ERROR o.s.b.d.LoggingFailureAnalysisReporter - [report,40] - 

***************************
APPLICATION FAILED TO START
***************************

Description:

Web server failed to start. Port 8080 was already in use.

Action:

Identify and stop the process that's listening on port 8080 or configure this application to listen on another port.

14:10:08.543 [http-nio-8080-exec-1] ERROR c.i.c.GlobalExceptionHandler - [handleRuntimeException,16] - 业务异常: JSON parse error: Invalid UTF-8 start byte 0xb2
15:28:14.465 [main] ERROR o.s.b.d.LoggingFailureAnalysisReporter - [report,40] - 

***************************
APPLICATION FAILED TO START
***************************

Description:

Web server failed to start. Port 8080 was already in use.

Action:

Identify and stop the process that's listening on port 8080 or configure this application to listen on another port.

15:38:26.077 [main] ERROR o.s.b.d.LoggingFailureAnalysisReporter - [report,40] - 

***************************
APPLICATION FAILED TO START
***************************

Description:

Web server failed to start. Port 8080 was already in use.

Action:

Identify and stop the process that's listening on port 8080 or configure this application to listen on another port.

15:48:55.914 [main] ERROR o.s.b.d.LoggingFailureAnalysisReporter - [report,40] - 

***************************
APPLICATION FAILED TO START
***************************

Description:

Web server failed to start. Port 8080 was already in use.

Action:

Identify and stop the process that's listening on port 8080 or configure this application to listen on another port.

16:54:47.921 [main] ERROR o.s.b.d.LoggingFailureAnalysisReporter - [report,40] - 

***************************
APPLICATION FAILED TO START
***************************

Description:

Web server failed to start. Port 8080 was already in use.

Action:

Identify and stop the process that's listening on port 8080 or configure this application to listen on another port.

19:29:55.090 [main] ERROR o.s.b.d.LoggingFailureAnalysisReporter - [report,40] - 

***************************
APPLICATION FAILED TO START
***************************

Description:

Web server failed to start. Port 8080 was already in use.

Action:

Identify and stop the process that's listening on port 8080 or configure this application to listen on another port.

20:12:57.719 [main] ERROR o.s.b.d.LoggingFailureAnalysisReporter - [report,40] - 

***************************
APPLICATION FAILED TO START
***************************

Description:

Web server failed to start. Port 8080 was already in use.

Action:

Identify and stop the process that's listening on port 8080 or configure this application to listen on another port.

20:35:21.977 [http-nio-8080-exec-2] ERROR c.i.util.JwtUtil - [validateToken,108] - Token无效: Invalid compact JWT string: Compact JWSs must contain exactly 2 period characters, and compact JWEs must contain exactly 4.  Found: 0
20:35:21.977 [http-nio-8080-exec-2] ERROR c.i.filter.JwtFilter - [doFilterInternal,84] - Token验证失败
20:35:45.680 [http-nio-8080-exec-5] ERROR c.i.util.JwtUtil - [validateToken,108] - Token无效: Invalid compact JWT string: Compact JWSs must contain exactly 2 period characters, and compact JWEs must contain exactly 4.  Found: 0
20:35:45.680 [http-nio-8080-exec-5] ERROR c.i.filter.JwtFilter - [doFilterInternal,84] - Token验证失败
